# JRE version: OpenJDK Runtime Environment (17.0.6) (build 17.0.6+0-b2043.56-10027231)
# Java VM: OpenJDK 64-Bit Server VM (17.0.6+0-b2043.56-10027231, mixed mode, tiered, compressed oops, compressed class ptrs, g1 gc, windows-amd64)
GC Precious Log:
 CPUs: 8 total, 8 available
 Memory: 20275M
 Large Page Support: Disabled
 NUMA Support: Disabled
 Compressed Oops: Enabled (32-bit)
 Heap Region Size: 1M
 Heap Min Capacity: 8M
 Heap Initial Capacity: 318M
 Heap Max Capacity: 2G
 Pre-touch: Disabled
 Parallel Workers: 8
 Concurrent Workers: 2
 Concurrent Refinement Workers: 8
 Periodic GC: Disabled
Heap:
 garbage-first heap   total 447488K, used 125989K [0x0000000080000000, 0x0000000100000000)
  region size 1024K, 9 young (9216K), 9 survivors (9216K)
 Metaspace       used 148163K, committed 150208K, reserved 1179648K
  class space    used 18911K, committed 19968K, reserved 1048576K
GC Heap History (20 events):
Event: 14600.183 GC heap after
{Heap after GC invocations=335 (full 2):
 garbage-first heap   total 467968K, used 123867K [0x0000000080000000, 0x0000000100000000)
  region size 1024K, 3 young (3072K), 3 survivors (3072K)
 Metaspace       used 148115K, committed 150144K, reserved 1179648K
  class space    used 18911K, committed 19968K, reserved 1048576K
}
Event: 14603.217 GC heap before
{Heap before GC invocations=335 (full 2):
 garbage-first heap   total 467968K, used 243675K [0x0000000080000000, 0x0000000100000000)
  region size 1024K, 122 young (124928K), 3 survivors (3072K)
 Metaspace       used 148125K, committed 150208K, reserved 1179648K
  class space    used 18911K, committed 19968K, reserved 1048576K
}
Event: 14603.223 GC heap after
{Heap after GC invocations=336 (full 2):
 garbage-first heap   total 467968K, used 127101K [0x0000000080000000, 0x0000000100000000)
  region size 1024K, 7 young (7168K), 7 survivors (7168K)
 Metaspace       used 148125K, committed 150208K, reserved 1179648K
  class space    used 18911K, committed 19968K, reserved 1048576K
}
Event: 14724.832 GC heap before
{Heap before GC invocations=337 (full 2):
 garbage-first heap   total 467968K, used 385149K [0x0000000080000000, 0x0000000100000000)
  region size 1024K, 234 young (239616K), 7 survivors (7168K)
 Metaspace       used 148129K, committed 150208K, reserved 1179648K
  class space    used 18911K, committed 19968K, reserved 1048576K
}
Event: 14724.844 GC heap after
{Heap after GC invocations=338 (full 2):
 garbage-first heap   total 467968K, used 136744K [0x0000000080000000, 0x0000000100000000)
  region size 1024K, 16 young (16384K), 16 survivors (16384K)
 Metaspace       used 148129K, committed 150208K, reserved 1179648K
  class space    used 18911K, committed 19968K, reserved 1048576K
}
Event: 14724.855 GC heap before
{Heap before GC invocations=338 (full 2):
 garbage-first heap   total 467968K, used 142888K [0x0000000080000000, 0x0000000100000000)
  region size 1024K, 22 young (22528K), 16 survivors (16384K)
 Metaspace       used 148130K, committed 150208K, reserved 1179648K
  class space    used 18911K, committed 19968K, reserved 1048576K
}
Event: 14724.875 GC heap after
{Heap after GC invocations=339 (full 2):
 garbage-first heap   total 467968K, used 128170K [0x0000000080000000, 0x0000000100000000)
  region size 1024K, 2 young (2048K), 2 survivors (2048K)
 Metaspace       used 148130K, committed 150208K, reserved 1179648K
  class space    used 18911K, committed 19968K, reserved 1048576K
}
Event: 14726.064 GC heap before
{Heap before GC invocations=339 (full 2):
 garbage-first heap   total 467968K, used 200874K [0x0000000080000000, 0x0000000100000000)
  region size 1024K, 75 young (76800K), 2 survivors (2048K)
 Metaspace       used 148135K, committed 150208K, reserved 1179648K
  class space    used 18911K, committed 19968K, reserved 1048576K
}
Event: 14726.067 GC heap after
{Heap after GC invocations=340 (full 2):
 garbage-first heap   total 467968K, used 126921K [0x0000000080000000, 0x0000000100000000)
  region size 1024K, 1 young (1024K), 1 survivors (1024K)
 Metaspace       used 148135K, committed 150208K, reserved 1179648K
  class space    used 18911K, committed 19968K, reserved 1048576K
}
Event: 14787.494 GC heap before
{Heap before GC invocations=341 (full 2):
 garbage-first heap   total 447488K, used 385993K [0x0000000080000000, 0x0000000100000000)
  region size 1024K, 239 young (244736K), 1 survivors (1024K)
 Metaspace       used 148146K, committed 150208K, reserved 1179648K
  class space    used 18911K, committed 19968K, reserved 1048576K
}
Event: 14787.498 GC heap after
{Heap after GC invocations=342 (full 2):
 garbage-first heap   total 447488K, used 118417K [0x0000000080000000, 0x0000000100000000)
  region size 1024K, 3 young (3072K), 3 survivors (3072K)
 Metaspace       used 148146K, committed 150208K, reserved 1179648K
  class space    used 18911K, committed 19968K, reserved 1048576K
}
Event: 14787.559 GC heap before
{Heap before GC invocations=342 (full 2):
 garbage-first heap   total 447488K, used 136849K [0x0000000080000000, 0x0000000100000000)
  region size 1024K, 21 young (21504K), 3 survivors (3072K)
 Metaspace       used 148147K, committed 150208K, reserved 1179648K
  class space    used 18911K, committed 19968K, reserved 1048576K
}
Event: 14787.564 GC heap after
{Heap after GC invocations=343 (full 2):
 garbage-first heap   total 447488K, used 118700K [0x0000000080000000, 0x0000000100000000)
  region size 1024K, 3 young (3072K), 3 survivors (3072K)
 Metaspace       used 148147K, committed 150208K, reserved 1179648K
  class space    used 18911K, committed 19968K, reserved 1048576K
}
Event: 14790.632 GC heap before
{Heap before GC invocations=343 (full 2):
 garbage-first heap   total 447488K, used 200620K [0x0000000080000000, 0x0000000100000000)
  region size 1024K, 85 young (87040K), 3 survivors (3072K)
 Metaspace       used 148147K, committed 150208K, reserved 1179648K
  class space    used 18911K, committed 19968K, reserved 1048576K
}
Event: 14790.640 GC heap after
{Heap after GC invocations=344 (full 2):
 garbage-first heap   total 447488K, used 124239K [0x0000000080000000, 0x0000000100000000)
  region size 1024K, 9 young (9216K), 9 survivors (9216K)
 Metaspace       used 148147K, committed 150208K, reserved 1179648K
  class space    used 18911K, committed 19968K, reserved 1048576K
}
Event: 14844.028 GC heap before
{Heap before GC invocations=345 (full 2):
 garbage-first heap   total 447488K, used 341178K [0x0000000080000000, 0x0000000100000000)
  region size 1024K, 197 young (201728K), 9 survivors (9216K)
 Metaspace       used 148163K, committed 150208K, reserved 1179648K
  class space    used 18911K, committed 19968K, reserved 1048576K
}
Event: 14844.037 GC heap after
{Heap after GC invocations=346 (full 2):
 garbage-first heap   total 447488K, used 124696K [0x0000000080000000, 0x0000000100000000)
  region size 1024K, 10 young (10240K), 10 survivors (10240K)
 Metaspace       used 148163K, committed 150208K, reserved 1179648K
  class space    used 18911K, committed 19968K, reserved 1048576K
}
Event: 14844.082 GC heap before
{Heap before GC invocations=346 (full 2):
 garbage-first heap   total 447488K, used 135960K [0x0000000080000000, 0x0000000100000000)
  region size 1024K, 21 young (21504K), 10 survivors (10240K)
 Metaspace       used 148163K, committed 150208K, reserved 1179648K
  class space    used 18911K, committed 19968K, reserved 1048576K
}
Event: 14844.091 GC heap after
{Heap after GC invocations=347 (full 2):
 garbage-first heap   total 447488K, used 120067K [0x0000000080000000, 0x0000000100000000)
  region size 1024K, 3 young (3072K), 3 survivors (3072K)
 Metaspace       used 148163K, committed 150208K, reserved 1179648K
  class space    used 18911K, committed 19968K, reserved 1048576K
}
Event: 14847.189 GC heap before
{Heap before GC invocations=347 (full 2):
 garbage-first heap   total 447488K, used 226563K [0x0000000080000000, 0x0000000100000000)
  region size 1024K, 109 young (111616K), 3 survivors (3072K)
 Metaspace       used 148163K, committed 150208K, reserved 1179648K
  class space    used 18911K, committed 19968K, reserved 1048576K
}

