# JRE version: OpenJDK Runtime Environment (17.0.6) (build 17.0.6+0-b2043.56-10027231)
# Java VM: OpenJDK 64-Bit Server VM (17.0.6+0-b2043.56-10027231, mixed mode, tiered, compressed oops, compressed class ptrs, g1 gc, windows-amd64)
GC Precious Log:
 CPUs: 8 total, 8 available
 Memory: 20275M
 Large Page Support: Disabled
 NUMA Support: Disabled
 Compressed Oops: Enabled (32-bit)
 Heap Region Size: 1M
 Heap Min Capacity: 8M
 Heap Initial Capacity: 318M
 Heap Max Capacity: 2G
 Pre-touch: Disabled
 Parallel Workers: 8
 Concurrent Workers: 2
 Concurrent Refinement Workers: 8
 Periodic GC: Disabled
Heap:
 garbage-first heap   total 325632K, used 128095K [0x0000000080000000, 0x0000000100000000)
  region size 1024K, 2 young (2048K), 2 survivors (2048K)
 Metaspace       used 126912K, committed 127936K, reserved 1163264K
  class space    used 17227K, committed 17728K, reserved 1048576K
GC Heap History (20 events):
Event: 275.611 GC heap after
{Heap after GC invocations=50 (full 0):
 garbage-first heap   total 237568K, used 128144K [0x0000000080000000, 0x0000000100000000)
  region size 1024K, 8 young (8192K), 8 survivors (8192K)
 Metaspace       used 125714K, committed 126720K, reserved 1163264K
  class space    used 17201K, committed 17664K, reserved 1048576K
}
Event: 276.410 GC heap before
{Heap before GC invocations=50 (full 0):
 garbage-first heap   total 237568K, used 194704K [0x0000000080000000, 0x0000000100000000)
  region size 1024K, 74 young (75776K), 8 survivors (8192K)
 Metaspace       used 125956K, committed 126976K, reserved 1163264K
  class space    used 17205K, committed 17728K, reserved 1048576K
}
Event: 276.416 GC heap after
{Heap after GC invocations=51 (full 0):
 garbage-first heap   total 237568K, used 126893K [0x0000000080000000, 0x0000000100000000)
  region size 1024K, 1 young (1024K), 1 survivors (1024K)
 Metaspace       used 125956K, committed 126976K, reserved 1163264K
  class space    used 17205K, committed 17728K, reserved 1048576K
}
Event: 318.372 GC heap before
{Heap before GC invocations=52 (full 0):
 garbage-first heap   total 237568K, used 209837K [0x0000000080000000, 0x0000000100000000)
  region size 1024K, 70 young (71680K), 1 survivors (1024K)
 Metaspace       used 126141K, committed 127168K, reserved 1163264K
  class space    used 17209K, committed 17728K, reserved 1048576K
}
Event: 318.376 GC heap after
{Heap after GC invocations=53 (full 0):
 garbage-first heap   total 237568K, used 128757K [0x0000000080000000, 0x0000000100000000)
  region size 1024K, 3 young (3072K), 3 survivors (3072K)
 Metaspace       used 126141K, committed 127168K, reserved 1163264K
  class space    used 17209K, committed 17728K, reserved 1048576K
}
Event: 318.451 GC heap before
{Heap before GC invocations=53 (full 0):
 garbage-first heap   total 237568K, used 136949K [0x0000000080000000, 0x0000000100000000)
  region size 1024K, 11 young (11264K), 3 survivors (3072K)
 Metaspace       used 126171K, committed 127232K, reserved 1163264K
  class space    used 17210K, committed 17728K, reserved 1048576K
}
Event: 318.463 GC heap after
{Heap after GC invocations=54 (full 0):
 garbage-first heap   total 237568K, used 119571K [0x0000000080000000, 0x0000000100000000)
  region size 1024K, 2 young (2048K), 2 survivors (2048K)
 Metaspace       used 126171K, committed 127232K, reserved 1163264K
  class space    used 17210K, committed 17728K, reserved 1048576K
}
Event: 322.051 GC heap before
{Heap before GC invocations=54 (full 0):
 garbage-first heap   total 237568K, used 196371K [0x0000000080000000, 0x0000000100000000)
  region size 1024K, 78 young (79872K), 2 survivors (2048K)
 Metaspace       used 126387K, committed 127360K, reserved 1163264K
  class space    used 17211K, committed 17728K, reserved 1048576K
}
Event: 322.062 GC heap after
{Heap after GC invocations=55 (full 0):
 garbage-first heap   total 237568K, used 129798K [0x0000000080000000, 0x0000000100000000)
  region size 1024K, 10 young (10240K), 10 survivors (10240K)
 Metaspace       used 126387K, committed 127360K, reserved 1163264K
  class space    used 17211K, committed 17728K, reserved 1048576K
}
Event: 322.396 GC heap before
{Heap before GC invocations=56 (full 0):
 garbage-first heap   total 270336K, used 192262K [0x0000000080000000, 0x0000000100000000)
  region size 1024K, 73 young (74752K), 10 survivors (10240K)
 Metaspace       used 126441K, committed 127488K, reserved 1163264K
  class space    used 17211K, committed 17728K, reserved 1048576K
}
Event: 322.404 GC heap after
{Heap after GC invocations=57 (full 0):
 garbage-first heap   total 270336K, used 128751K [0x0000000080000000, 0x0000000100000000)
  region size 1024K, 2 young (2048K), 2 survivors (2048K)
 Metaspace       used 126441K, committed 127488K, reserved 1163264K
  class space    used 17211K, committed 17728K, reserved 1048576K
}
Event: 322.502 GC heap before
{Heap before GC invocations=57 (full 0):
 garbage-first heap   total 270336K, used 138991K [0x0000000080000000, 0x0000000100000000)
  region size 1024K, 13 young (13312K), 2 survivors (2048K)
 Metaspace       used 126466K, committed 127552K, reserved 1163264K
  class space    used 17211K, committed 17728K, reserved 1048576K
}
Event: 322.505 GC heap after
{Heap after GC invocations=58 (full 0):
 garbage-first heap   total 270336K, used 120554K [0x0000000080000000, 0x0000000100000000)
  region size 1024K, 2 young (2048K), 2 survivors (2048K)
 Metaspace       used 126466K, committed 127552K, reserved 1163264K
  class space    used 17211K, committed 17728K, reserved 1048576K
}
Event: 323.575 GC heap before
{Heap before GC invocations=58 (full 0):
 garbage-first heap   total 270336K, used 126698K [0x0000000080000000, 0x0000000100000000)
  region size 1024K, 9 young (9216K), 2 survivors (2048K)
 Metaspace       used 126524K, committed 127552K, reserved 1163264K
  class space    used 17211K, committed 17728K, reserved 1048576K
}
Event: 323.578 GC heap after
{Heap after GC invocations=59 (full 0):
 garbage-first heap   total 270336K, used 119296K [0x0000000080000000, 0x0000000100000000)
  region size 1024K, 1 young (1024K), 1 survivors (1024K)
 Metaspace       used 126524K, committed 127552K, reserved 1163264K
  class space    used 17211K, committed 17728K, reserved 1048576K
}
Event: 367.916 GC heap before
{Heap before GC invocations=60 (full 0):
 garbage-first heap   total 270336K, used 235008K [0x0000000080000000, 0x0000000100000000)
  region size 1024K, 102 young (104448K), 1 survivors (1024K)
 Metaspace       used 126826K, committed 127872K, reserved 1163264K
  class space    used 17227K, committed 17728K, reserved 1048576K
}
Event: 367.925 GC heap after
{Heap after GC invocations=61 (full 0):
 garbage-first heap   total 270336K, used 129695K [0x0000000080000000, 0x0000000100000000)
  region size 1024K, 11 young (11264K), 11 survivors (11264K)
 Metaspace       used 126826K, committed 127872K, reserved 1163264K
  class space    used 17227K, committed 17728K, reserved 1048576K
}
Event: 367.936 GC heap before
{Heap before GC invocations=61 (full 0):
 garbage-first heap   total 270336K, used 131743K [0x0000000080000000, 0x0000000100000000)
  region size 1024K, 13 young (13312K), 11 survivors (11264K)
 Metaspace       used 126827K, committed 127872K, reserved 1163264K
  class space    used 17227K, committed 17728K, reserved 1048576K
}
Event: 367.946 GC heap after
{Heap after GC invocations=62 (full 0):
 garbage-first heap   total 270336K, used 126907K [0x0000000080000000, 0x0000000100000000)
  region size 1024K, 1 young (1024K), 1 survivors (1024K)
 Metaspace       used 126827K, committed 127872K, reserved 1163264K
  class space    used 17227K, committed 17728K, reserved 1048576K
}
Event: 368.806 GC heap before
{Heap before GC invocations=62 (full 0):
 garbage-first heap   total 270336K, used 219067K [0x0000000080000000, 0x0000000100000000)
  region size 1024K, 92 young (94208K), 1 survivors (1024K)
 Metaspace       used 126912K, committed 127936K, reserved 1163264K
  class space    used 17227K, committed 17728K, reserved 1048576K
}

